<?xml version="1.0" encoding="UTF-8"?>
<!-- Generated by org.testng.reporters.JUnitXMLReporter -->
<testsuite hostname="LAPTOP-NE7DH0T6" ignored="0" name="Test" tests="3" failures="1" timestamp="13 Jun 2020 16:49:27 GMT" time="100.898" errors="0">
  <testcase name="CheckInDateIsLarger" time="0.432" classname="InvokingMethods.InvokingMethodsForValidLogin"/>
  <testcase name="InvalidDate" time="0.031" classname="InvokingMethods.InvokingMethodsForValidLogin"/>
  <testcase name="ValidCase" time="95.805" classname="InvokingMethods.InvokingMethodsForValidLogin">
    <failure type="java.lang.AssertionError" message="no such element: Unable to locate element: {&amp;quot;method&amp;quot;:&amp;quot;xpath&amp;quot;,&amp;quot;selector&amp;quot;:&amp;quot;/html[1]/body[1]/div[14]/div[1]/div[1]/div[2]/div[1]/div[1]/div[1]/div[2]&amp;quot;}
  (Session info: chrome=83.0.4103.97)
For documentation on this error, please visit: https://www.seleniumhq.org/exceptions/no_such_element.html
Build info: version: &amp;apos;3.141.59&amp;apos;, revision: &amp;apos;e82be7d358&amp;apos;, time: &amp;apos;2018-11-14T08:25:48&amp;apos;
System info: host: &amp;apos;LAPTOP-NE7DH0T6&amp;apos;, ip: &amp;apos;192.168.17.1&amp;apos;, os.name: &amp;apos;Windows 10&amp;apos;, os.arch: &amp;apos;amd64&amp;apos;, os.version: &amp;apos;10.0&amp;apos;, java.version: &amp;apos;1.8.0_241&amp;apos;
Driver info: org.openqa.selenium.chrome.ChromeDriver
Capabilities {acceptInsecureCerts: false, browserName: chrome, browserVersion: 83.0.4103.97, chrome: {chromedriverVersion: 83.0.4103.39 (ccbf011cb2d2b..., userDataDir: C:\Users\APOORV~1\AppData\L...}, goog:chromeOptions: {debuggerAddress: localhost:57697}, javascriptEnabled: true, networkConnectionEnabled: false, pageLoadStrategy: normal, platform: WINDOWS, platformName: WINDOWS, proxy: Proxy(), setWindowRect: true, strictFileInteractability: false, timeouts: {implicit: 0, pageLoad: 300000, script: 30000}, unhandledPromptBehavior: dismiss and notify, webauthn:virtualAuthenticators: true}
Session ID: 9180c1e03b4b29a40f0b11b4041de683
*** Element info: {Using=xpath, value=/html[1]/body[1]/div[14]/div[1]/div[1]/div[2]/div[1]/div[1]/div[1]/div[2]}">
      <![CDATA[java.lang.AssertionError: no such element: Unable to locate element: {"method":"xpath","selector":"/html[1]/body[1]/div[14]/div[1]/div[1]/div[2]/div[1]/div[1]/div[1]/div[2]"}
  (Session info: chrome=83.0.4103.97)
For documentation on this error, please visit: https://www.seleniumhq.org/exceptions/no_such_element.html
Build info: version: '3.141.59', revision: 'e82be7d358', time: '2018-11-14T08:25:48'
System info: host: 'LAPTOP-NE7DH0T6', ip: '192.168.17.1', os.name: 'Windows 10', os.arch: 'amd64', os.version: '10.0', java.version: '1.8.0_241'
Driver info: org.openqa.selenium.chrome.ChromeDriver
Capabilities {acceptInsecureCerts: false, browserName: chrome, browserVersion: 83.0.4103.97, chrome: {chromedriverVersion: 83.0.4103.39 (ccbf011cb2d2b..., userDataDir: C:\Users\APOORV~1\AppData\L...}, goog:chromeOptions: {debuggerAddress: localhost:57697}, javascriptEnabled: true, networkConnectionEnabled: false, pageLoadStrategy: normal, platform: WINDOWS, platformName: WINDOWS, proxy: Proxy(), setWindowRect: true, strictFileInteractability: false, timeouts: {implicit: 0, pageLoad: 300000, script: 30000}, unhandledPromptBehavior: dismiss and notify, webauthn:virtualAuthenticators: true}
Session ID: 9180c1e03b4b29a40f0b11b4041de683
*** Element info: {Using=xpath, value=/html[1]/body[1]/div[14]/div[1]/div[1]/div[2]/div[1]/div[1]/div[1]/div[2]}
at ExtentReports.ReportMethods.reportFail(ReportMethods.java:17)
at SearchHolidayHomes.Criteria.CheckInDate(Criteria.java:35)
at InvokingMethods.InvokingMethodsForValidLogin.ValidCase(InvokingMethodsForValidLogin.java:36)
... Removed 26 stack frames]]>
    </failure>
  </testcase> <!-- ValidCase -->
</testsuite> <!-- Test -->
